<?xml version="1.0" encoding="UTF-8"?>
<testng-results ignored="1" total="4" passed="3" failed="0" skipped="0">
  <reporter-output>
  </reporter-output>
  <suite started-at="2021-10-30T21:35:53 IST" name="All Test Suite" finished-at="2021-10-30T21:36:48 IST" duration-ms="55549">
    <groups>
    </groups>
    <test started-at="2021-10-30T21:35:53 IST" name="iNetBankingV5" finished-at="2021-10-30T21:36:48 IST" duration-ms="55549">
      <class name="test.cases.TC_LoginTest_001">
        <test-method is-config="true" signature="setup(java.lang.String)[pri:0, instance:test.cases.TC_LoginTest_001@68e965f5]" started-at="2021-10-30T21:35:53 IST" name="setup" finished-at="2021-10-30T21:35:59 IST" duration-ms="5941" status="PASS">
          <params>
            <param index="0">
              <value>
                <![CDATA[chrome]]>
              </value>
            </param>
          </params>
          <reporter-output>
          </reporter-output>
        </test-method> <!-- setup -->
        <test-method signature="loginTest()[pri:0, instance:test.cases.TC_LoginTest_001@68e965f5]" started-at="2021-10-30T21:35:59 IST" name="loginTest" finished-at="2021-10-30T21:36:01 IST" duration-ms="1699" status="PASS">
          <reporter-output>
          </reporter-output>
        </test-method> <!-- loginTest -->
        <test-method is-config="true" signature="tearDown()[pri:0, instance:test.cases.TC_LoginTest_001@68e965f5]" started-at="2021-10-30T21:36:01 IST" name="tearDown" finished-at="2021-10-30T21:36:02 IST" duration-ms="1004" status="PASS">
          <reporter-output>
          </reporter-output>
        </test-method> <!-- tearDown -->
      </class> <!-- test.cases.TC_LoginTest_001 -->
      <class name="test.cases.TC_EditCustomerTest_004">
        <test-method is-config="true" signature="setup(java.lang.String)[pri:0, instance:test.cases.TC_EditCustomerTest_004@d6e7bab]" started-at="2021-10-30T21:36:28 IST" name="setup" finished-at="2021-10-30T21:36:34 IST" duration-ms="6150" status="PASS">
          <params>
            <param index="0">
              <value>
                <![CDATA[chrome]]>
              </value>
            </param>
          </params>
          <reporter-output>
          </reporter-output>
        </test-method> <!-- setup -->
        <test-method is-config="true" signature="login()[pri:0, instance:test.cases.TC_EditCustomerTest_004@d6e7bab]" started-at="2021-10-30T21:36:34 IST" name="login" finished-at="2021-10-30T21:36:38 IST" duration-ms="3578" status="PASS">
          <reporter-output>
          </reporter-output>
        </test-method> <!-- login -->
        <test-method signature="editCustomerWithId()[pri:0, instance:test.cases.TC_EditCustomerTest_004@d6e7bab]" started-at="2021-10-30T21:36:38 IST" name="editCustomerWithId" finished-at="2021-10-30T21:36:48 IST" duration-ms="9813" status="PASS">
          <reporter-output>
          </reporter-output>
        </test-method> <!-- editCustomerWithId -->
        <test-method is-config="true" signature="tearDown()[pri:0, instance:test.cases.TC_EditCustomerTest_004@d6e7bab]" started-at="2021-10-30T21:36:48 IST" name="tearDown" finished-at="2021-10-30T21:36:48 IST" duration-ms="885" status="PASS">
          <reporter-output>
          </reporter-output>
        </test-method> <!-- tearDown -->
      </class> <!-- test.cases.TC_EditCustomerTest_004 -->
      <class name="test.cases.TC_AddCustomerTest_003">
        <test-method is-config="true" signature="setup(java.lang.String)[pri:0, instance:test.cases.TC_AddCustomerTest_003@2525ff7e]" started-at="2021-10-30T21:36:02 IST" name="setup" finished-at="2021-10-30T21:36:07 IST" duration-ms="5050" status="PASS">
          <params>
            <param index="0">
              <value>
                <![CDATA[chrome]]>
              </value>
            </param>
          </params>
          <reporter-output>
          </reporter-output>
        </test-method> <!-- setup -->
        <test-method signature="addNewCustomer()[pri:0, instance:test.cases.TC_AddCustomerTest_003@2525ff7e]" started-at="2021-10-30T21:36:07 IST" name="addNewCustomer" finished-at="2021-10-30T21:36:27 IST" duration-ms="20105" status="PASS">
          <reporter-output>
          </reporter-output>
        </test-method> <!-- addNewCustomer -->
        <test-method is-config="true" signature="tearDown()[pri:0, instance:test.cases.TC_AddCustomerTest_003@2525ff7e]" started-at="2021-10-30T21:36:27 IST" name="tearDown" finished-at="2021-10-30T21:36:28 IST" duration-ms="880" status="PASS">
          <reporter-output>
          </reporter-output>
        </test-method> <!-- tearDown -->
      </class> <!-- test.cases.TC_AddCustomerTest_003 -->
    </test> <!-- iNetBankingV5 -->
  </suite> <!-- All Test Suite -->
</testng-results>
