<?xml version="1.0" encoding="UTF-8"?>
<testsuite xmlns:xsi="http://www.w3.org/2001/XMLSchema-instance" xsi:schemaLocation="https://maven.apache.org/surefire/maven-surefire-plugin/xsd/surefire-test-report.xsd" name="TestSuite" time="57.675" tests="3" errors="0" skipped="0" failures="0">
  <properties>
[...]
</properties>
  <testcase name="loginTest" classname="test.cases.TC_LoginTest_001" time="1.717"/>
  <testcase name="addNewCustomer" classname="test.cases.TC_AddCustomerTest_003" time="20.104"/>
  <testcase name="editCustomerWithId" classname="test.cases.TC_EditCustomerTest_004" time="9.811"/>
</testsuite>