<?xml version="1.0" encoding="UTF-8"?>
<!-- Generated by org.testng.reporters.JUnitXMLReporter -->
<testsuite ignored="1" hostname="DESKTOP-ADMB8DB" failures="0" tests="3" name="iNetBankingV5" time="55.549" errors="0" timestamp="2021-10-30T21:36:48 IST">
  <testcase classname="test.cases.TC_LoginTest_001" name="loginTest" time="1.699"/>
  <testcase classname="test.cases.TC_AddCustomerTest_003" name="addNewCustomer" time="20.105"/>
  <testcase classname="test.cases.TC_EditCustomerTest_004" name="editCustomerWithId" time="9.813"/>
  <testcase classname="test.cases.TC_EditCustomerTest_004" name="editCustomerWithoutEnteringCId" time="0.0">
    <ignored/>
  </testcase> <!-- editCustomerWithoutEnteringCId -->
</testsuite> <!-- iNetBankingV5 -->
